1647357293306
FROM:
	IP :::ffff:172.18.0.4 : 
REQUEST :
	Method : POST
	Url : /fetchfilter/utilisateur
	Body : {"username":"admin","password":"L0calAdmin","content":{"email":"admin@ac-poitiers.fr","admin":"1"}}1647357293314
FROM:
	IP :::ffff:172.18.0.4 : 
REQUEST :
	Method : POST
	Url : /fetchfilter/candidat
	Body : {"username":"admin","password":"L0calAdmin","content":{"id_serie":"8"}}1647357293319
FROM:
	IP :::ffff:172.18.0.4 : 
REQUEST :
	Method : DELETE
	Url : /deletefilter/candidat
	Body : {"username":"admin","password":"L0calAdmin","content":{"id_serie":"8"}}1647357293333
FROM:
	IP :::ffff:172.18.0.4 : 
REQUEST :
	Method : DELETE
	Url : /deletefilter/matiere
	Body : {"username":"admin","password":"L0calAdmin","content":{"id_serie":"8"}}1647357293343
FROM:
	IP :::ffff:172.18.0.4 : 
REQUEST :
	Method : POST
	Url : /fetchmulti
	Body : {"username":"admin","password":"L0calAdmin","content":["candidat","serie","matiere","salle","choix_matiere"]}1647357335439
FROM:
	IP :::ffff:172.18.0.1 : 
REQUEST :
	Method : DELETE
	Url : /deletefilter/matiere
	Body : {"username":"admin","password":"L0calAdmin","content":{"id_serie":"8"}}1647357514273
FROM:
	IP :::ffff:172.18.0.1 : 
REQUEST :
	Method : GET
	Url : /
	Body : No body1647357514285
FROM:
	IP :::ffff:172.18.0.1 : 
REQUEST :
	Method : GET
	Url : /
	Body : No body1647357514835
FROM:
	IP :::ffff:172.18.0.1 : 
REQUEST :
	Method : GET
	Url : /swagger-ui-init.js
	Body : No body1647357514859
FROM:
	IP :::ffff:172.18.0.1 : 
REQUEST :
	Method : GET
	Url : /swagger-ui.css
	Body : No body1647357514934
FROM:
	IP :::ffff:172.18.0.1 : 
REQUEST :
	Method : GET
	Url : /swagger-ui-bundle.js
	Body : No body1647357515105
FROM:
	IP :::ffff:172.18.0.1 : 
REQUEST :
	Method : GET
	Url : /swagger-ui-standalone-preset.js
	Body : No body1647357515231
FROM:
	IP :::ffff:172.18.0.1 : 
REQUEST :
	Method : GET
	Url : /favicon-32x32.png
	Body : No body1647357515486
FROM:
	IP :::ffff:172.18.0.1 : 
REQUEST :
	Method : GET
	Url : /favicon-32x32.png
	Body : No body1647357516787
FROM:
	IP :::ffff:172.18.0.1 : 
REQUEST :
	Method : GET
	Url : /favicon-32x32.png
	Body : No body1647357893088
FROM:
	IP :::ffff:172.18.0.1 : 
REQUEST :
	Method : GET
	Url : /favicon-32x32.png
	Body : No body1647357896088
FROM:
	IP :::ffff:172.18.0.1 : 
REQUEST :
	Method : GET
	Url : /favicon-32x32.png
	Body : No body1647357896633
FROM:
	IP :::ffff:172.18.0.1 : 
REQUEST :
	Method : GET
	Url : /favicon-32x32.png
	Body : No body1647357932310
FROM:
	IP :::ffff:172.18.0.1 : 
REQUEST :
	Method : GET
	Url : /version
	Body : {}1647357933956
FROM:
	IP :::ffff:172.18.0.1 : 
REQUEST :
	Method : GET
	Url : /version
	Body : {}1647357935665
FROM:
	IP :::ffff:172.18.0.1 : 
REQUEST :
	Method : POST
	Url : /fetchfilter/utilisateur
	Body : {"username":"admin","password":"L0calAdmin","content":{"email":"admin@ac-poitiers.fr","admin":"1"}}1647357935677
FROM:
	IP :::ffff:172.18.0.1 : 
REQUEST :
	Method : POST
	Url : /fetchmulti
	Body : {"username":"admin","password":"L0calAdmin","content":["candidat","serie","matiere","salle","choix_matiere"]}1647357942557
FROM:
	IP :::ffff:172.18.0.1 : 
REQUEST :
	Method : POST
	Url : /fetchfilter/utilisateur
	Body : {"username":"admin","password":"L0calAdmin","content":{"email":"admin@ac-poitiers.fr","admin":"1"}}1647357942575
FROM:
	IP :::ffff:172.18.0.1 : 
REQUEST :
	Method : POST
	Url : /fetchfilter/candidat
	Body : {"username":"admin","password":"L0calAdmin","content":{"id_serie":"8"}}1647357942584
FROM:
	IP :::ffff:172.18.0.1 : 
REQUEST :
	Method : DELETE
	Url : /deletefilter/candidat
	Body : {"username":"admin","password":"L0calAdmin","content":{"id_serie":"8"}}1647357942595
FROM:
	IP :::ffff:172.18.0.1 : 
REQUEST :
	Method : POST
	Url : /fetchfilter/matiere
	Body : {"username":"admin","password":"L0calAdmin","content":{"id_serie":"8"}}1647357942614
FROM:
	IP :::ffff:172.18.0.1 : 
REQUEST :
	Method : POST
	Url : /fetchmulti
	Body : {"username":"admin","password":"L0calAdmin","content":["candidat","serie","matiere","salle","choix_matiere"]}1647357970031
FROM:
	IP :::ffff:172.18.0.1 : 
REQUEST :
	Method : GET
	Url : /version
	Body : {}1647357971800
FROM:
	IP :::ffff:172.18.0.1 : 
REQUEST :
	Method : POST
	Url : /fetchfilter/utilisateur
	Body : {"username":"admin","password":"L0calAdmin","content":{"email":"admin@ac-poitiers.fr","admin":"1"}}1647357971810
FROM:
	IP :::ffff:172.18.0.1 : 
REQUEST :
	Method : POST
	Url : /fetchfilter/candidat
	Body : {"username":"admin","password":"L0calAdmin","content":{"id_serie":"8"}}1647357971821
FROM:
	IP :::ffff:172.18.0.1 : 
REQUEST :
	Method : DELETE
	Url : /deletefilter/candidat
	Body : {"username":"admin","password":"L0calAdmin","content":{"id_serie":"8"}}1647357971829
FROM:
	IP :::ffff:172.18.0.1 : 
REQUEST :
	Method : POST
	Url : /fetchfilter/matiere
	Body : {"username":"admin","password":"L0calAdmin","content":{"id_serie":"8"}}1647357971845
FROM:
	IP :::ffff:172.18.0.1 : 
REQUEST :
	Method : POST
	Url : /fetchmulti
	Body : {"username":"admin","password":"L0calAdmin","content":["candidat","serie","matiere","salle","choix_matiere"]}1647358040637
FROM:
	IP :::ffff:172.18.0.1 : 
REQUEST :
	Method : GET
	Url : /version
	Body : {}1647358042758
FROM:
	IP :::ffff:172.18.0.1 : 
REQUEST :
	Method : POST
	Url : /fetchfilter/utilisateur
	Body : {"username":"admin","password":"L0calAdmin","content":{"email":"admin@ac-poitiers.fr","admin":"1"}}1647358042771
FROM:
	IP :::ffff:172.18.0.1 : 
REQUEST :
	Method : POST
	Url : /fetchfilter/candidat
	Body : {"username":"admin","password":"L0calAdmin","content":{"id_serie":"8"}}1647358042781
FROM:
	IP :::ffff:172.18.0.1 : 
REQUEST :
	Method : DELETE
	Url : /deletefilter/candidat
	Body : {"username":"admin","password":"L0calAdmin","content":{"id_serie":"8"}}1647358042789
FROM:
	IP :::ffff:172.18.0.1 : 
REQUEST :
	Method : POST
	Url : /fetchfilter/matiere
	Body : {"username":"admin","password":"L0calAdmin","content":{"id_serie":"8"}}1647358042807
FROM:
	IP :::ffff:172.18.0.1 : 
REQUEST :
	Method : DELETE
	Url : /deletefilter/liste_matiere
	Body : {"username":"admin","password":"L0calAdmin","content":{"id_matiere":25}}1647358042821
FROM:
	IP :::ffff:172.18.0.1 : 
REQUEST :
	Method : DELETE
	Url : /deletefilter/liste_matiere
	Body : {"username":"admin","password":"L0calAdmin","content":{"id_matiere":26}}1647358042836
FROM:
	IP :::ffff:172.18.0.1 : 
REQUEST :
	Method : DELETE
	Url : /deletefilter/liste_matiere
	Body : {"username":"admin","password":"L0calAdmin","content":{"id_matiere":31}}1647358042852
FROM:
	IP :::ffff:172.18.0.1 : 
REQUEST :
	Method : DELETE
	Url : /deletefilter/liste_matiere
	Body : {"username":"admin","password":"L0calAdmin","content":{"id_matiere":32}}1647358042869
FROM:
	IP :::ffff:172.18.0.1 : 
REQUEST :
	Method : DELETE
	Url : /deletefilter/matiere
	Body : {"username":"admin","password":"L0calAdmin","content":{"id_serie":"8"}}1647358042924
FROM:
	IP :::ffff:172.18.0.1 : 
REQUEST :
	Method : DELETE
	Url : /deletefilter/serie
	Body : {"username":"admin","password":"L0calAdmin","content":{"id_serie":"8"}}1647358042937
FROM:
	IP :::ffff:172.18.0.1 : 
REQUEST :
	Method : POST
	Url : /fetchmulti
	Body : {"username":"admin","password":"L0calAdmin","content":["candidat","serie","matiere","salle","choix_matiere"]}1647358045190
FROM:
	IP :::ffff:172.18.0.1 : 
REQUEST :
	Method : POST
	Url : /fetchfilter/utilisateur
	Body : {"username":"admin","password":"L0calAdmin","content":{"email":"admin@ac-poitiers.fr","admin":"1"}}1647358045204
FROM:
	IP :::ffff:172.18.0.1 : 
REQUEST :
	Method : POST
	Url : /fetchmulti
	Body : {"username":"admin","password":"L0calAdmin","content":["candidat","serie","matiere","salle","choix_matiere"]}1647358047972
FROM:
	IP :::ffff:172.18.0.1 : 
REQUEST :
	Method : POST
	Url : /fetchfilter/utilisateur
	Body : {"username":"admin","password":"L0calAdmin","content":{"email":"admin@ac-poitiers.fr","admin":"1"}}1647358047987
FROM:
	IP :::ffff:172.18.0.1 : 
REQUEST :
	Method : POST
	Url : /fetchmulti
	Body : {"username":"admin","password":"L0calAdmin","content":["candidat","serie","matiere","salle","choix_matiere"]}1647358082247
FROM:
	IP :::ffff:172.18.0.1 : 
REQUEST :
	Method : POST
	Url : /fetchfilter/utilisateur
	Body : {"username":"admin","password":"L0calAdmin","content":{"email":"admin@ac-poitiers.fr","admin":"1"}}1647358082262
FROM:
	IP :::ffff:172.18.0.1 : 
REQUEST :
	Method : POST
	Url : /fetchmulti
	Body : {"username":"admin","password":"L0calAdmin","content":["candidat","choix_matiere","serie","matiere","professeur","salle","creneau"]}